<?xml version="1.0" encoding="UTF-8"?>
<testng-results skipped="0" failed="0" total="2" passed="2">
  <reporter-output>
  </reporter-output>
  <suite name="Default suite" duration-ms="81" started-at="2015-04-20T15:47:09Z" finished-at="2015-04-20T15:47:09Z">
    <groups>
    </groups>
    <test name="Default test" duration-ms="81" started-at="2015-04-20T15:47:09Z" finished-at="2015-04-20T15:47:09Z">
      <class name="com.smriti.firsttestngtest.FirstTestNGTest">
        <test-method status="PASS" signature="setUp()[pri:0, instance:com.smriti.firsttestngtest.FirstTestNGTest@6d8f5c10]" name="setUp" is-config="true" duration-ms="24" started-at="2015-04-20T21:17:09Z" finished-at="2015-04-20T21:17:09Z">
          <reporter-output>
          </reporter-output>
        </test-method> <!-- setUp -->
        <test-method status="PASS" signature="before()[pri:0, instance:com.smriti.firsttestngtest.FirstTestNGTest@6d8f5c10]" name="before" is-config="true" duration-ms="1" started-at="2015-04-20T21:17:09Z" finished-at="2015-04-20T21:17:09Z">
          <reporter-output>
          </reporter-output>
        </test-method> <!-- before -->
        <test-method status="PASS" signature="testmethod1()[pri:0, instance:com.smriti.firsttestngtest.FirstTestNGTest@6d8f5c10]" name="testmethod1" duration-ms="16" started-at="2015-04-20T21:17:09Z" finished-at="2015-04-20T21:17:09Z">
          <reporter-output>
          </reporter-output>
        </test-method> <!-- testmethod1 -->
        <test-method status="PASS" signature="after()[pri:0, instance:com.smriti.firsttestngtest.FirstTestNGTest@6d8f5c10]" name="after" is-config="true" duration-ms="1" started-at="2015-04-20T21:17:09Z" finished-at="2015-04-20T21:17:09Z">
          <reporter-output>
          </reporter-output>
        </test-method> <!-- after -->
        <test-method status="PASS" signature="before()[pri:0, instance:com.smriti.firsttestngtest.FirstTestNGTest@6d8f5c10]" name="before" is-config="true" duration-ms="1" started-at="2015-04-20T21:17:09Z" finished-at="2015-04-20T21:17:09Z">
          <reporter-output>
          </reporter-output>
        </test-method> <!-- before -->
        <test-method status="PASS" signature="testmethod2()[pri:0, instance:com.smriti.firsttestngtest.FirstTestNGTest@6d8f5c10]" name="testmethod2" duration-ms="1" started-at="2015-04-20T21:17:09Z" finished-at="2015-04-20T21:17:09Z">
          <reporter-output>
          </reporter-output>
        </test-method> <!-- testmethod2 -->
        <test-method status="PASS" signature="after()[pri:0, instance:com.smriti.firsttestngtest.FirstTestNGTest@6d8f5c10]" name="after" is-config="true" duration-ms="0" started-at="2015-04-20T21:17:09Z" finished-at="2015-04-20T21:17:09Z">
          <reporter-output>
          </reporter-output>
        </test-method> <!-- after -->
        <test-method status="PASS" signature="finishtest()[pri:0, instance:com.smriti.firsttestngtest.FirstTestNGTest@6d8f5c10]" name="finishtest" is-config="true" duration-ms="1" started-at="2015-04-20T21:17:09Z" finished-at="2015-04-20T21:17:09Z">
          <reporter-output>
          </reporter-output>
        </test-method> <!-- finishtest -->
      </class> <!-- com.smriti.firsttestngtest.FirstTestNGTest -->
    </test> <!-- Default test -->
  </suite> <!-- Default suite -->
</testng-results>
